::1 - - [01/Jul/2025:07:49:28 +0000] "POST /api/category HTTP/1.1" 401 22 "-" "PostmanRuntime/7.39.1"
::1 - - [01/Jul/2025:07:53:18 +0000] "GET /api/user HTTP/1.1" 404 147 "-" "PostmanRuntime/7.39.1"
::1 - - [01/Jul/2025:07:53:27 +0000] "POST /api/user HTTP/1.1" 404 148 "-" "PostmanRuntime/7.39.1"
::1 - - [01/Jul/2025:07:57:54 +0000] "POST /api/user HTTP/1.1" 404 148 "-" "PostmanRuntime/7.39.1"
::1 - - [01/Jul/2025:07:57:56 +0000] "POST /api/user HTTP/1.1" 404 148 "-" "PostmanRuntime/7.39.1"
::1 - - [01/Jul/2025:07:58:56 +0000] "POST /api/user/register HTTP/1.1" 500 154 "-" "PostmanRuntime/7.39.1"
::1 - - [01/Jul/2025:07:59:49 +0000] "POST /api/user/register HTTP/1.1" 201 378 "-" "PostmanRuntime/7.39.1"
::1 - - [01/Jul/2025:08:00:38 +0000] "POST /api/user/register HTTP/1.1" 400 49 "-" "PostmanRuntime/7.39.1"
::1 - - [01/Jul/2025:08:01:04 +0000] "POST /api/user/register HTTP/1.1" 400 49 "-" "PostmanRuntime/7.39.1"
::1 - - [01/Jul/2025:08:01:05 +0000] "POST /api/user/register HTTP/1.1" 400 49 "-" "PostmanRuntime/7.39.1"
::1 - - [01/Jul/2025:08:01:16 +0000] "POST /api/user/register HTTP/1.1" 400 39 "-" "PostmanRuntime/7.39.1"
::1 - - [01/Jul/2025:08:02:34 +0000] "POST /api/user/login HTTP/1.1" 200 366 "-" "PostmanRuntime/7.39.1"
::1 - - [01/Jul/2025:08:04:10 +0000] "POST /api/category HTTP/1.1" 500 2151 "-" "PostmanRuntime/7.39.1"
::1 - - [01/Jul/2025:08:09:16 +0000] "GET /api/category HTTP/1.1" 200 17 "-" "PostmanRuntime/7.39.1"
::1 - - [01/Jul/2025:08:13:44 +0000] "GET /api/category HTTP/1.1" 404 33 "-" "PostmanRuntime/7.39.1"
::1 - - [01/Jul/2025:08:13:51 +0000] "POST /api/category HTTP/1.1" 500 2151 "-" "PostmanRuntime/7.39.1"
::1 - - [01/Jul/2025:08:15:53 +0000] "POST /api/category HTTP/1.1" 500 2151 "-" "PostmanRuntime/7.39.1"
::1 - - [01/Jul/2025:08:18:19 +0000] "POST /api/category HTTP/1.1" 201 199 "-" "PostmanRuntime/7.39.1"
::1 - - [01/Jul/2025:08:23:21 +0000] "POST /api/category HTTP/1.1" 400 42 "-" "PostmanRuntime/7.39.1"
::1 - - [01/Jul/2025:08:23:35 +0000] "POST /api/category HTTP/1.1" 400 42 "-" "PostmanRuntime/7.39.1"
::1 - - [01/Jul/2025:08:25:01 +0000] "POST /api/category HTTP/1.1" 201 169 "-" "PostmanRuntime/7.39.1"
::1 - - [01/Jul/2025:08:25:39 +0000] "POST /api/category HTTP/1.1" 201 183 "-" "PostmanRuntime/7.39.1"
::1 - - [01/Jul/2025:08:31:18 +0000] "POST /api/user/register HTTP/1.1" 201 375 "-" "PostmanRuntime/7.39.1"
::1 - - [01/Jul/2025:08:32:21 +0000] "POST /api/user/register HTTP/1.1" 400 94 "-" "PostmanRuntime/7.39.1"
::1 - - [01/Jul/2025:08:32:30 +0000] "POST /api/user/login HTTP/1.1" 200 363 "-" "PostmanRuntime/7.39.1"
::1 - - [01/Jul/2025:08:43:24 +0000] "POST /api/post HTTP/1.1" 500 98 "-" "PostmanRuntime/7.39.1"
::1 - - [01/Jul/2025:08:47:40 +0000] "POST /api/post HTTP/1.1" 500 98 "-" "PostmanRuntime/7.39.1"
::1 - - [01/Jul/2025:08:47:42 +0000] "POST /api/post HTTP/1.1" 500 98 "-" "PostmanRuntime/7.39.1"
::1 - - [01/Jul/2025:08:47:43 +0000] "POST /api/post HTTP/1.1" 500 98 "-" "PostmanRuntime/7.39.1"
::1 - - [01/Jul/2025:08:47:44 +0000] "POST /api/post HTTP/1.1" 500 98 "-" "PostmanRuntime/7.39.1"
::1 - - [01/Jul/2025:08:47:44 +0000] "POST /api/post HTTP/1.1" 500 98 "-" "PostmanRuntime/7.39.1"
::1 - - [01/Jul/2025:08:47:45 +0000] "POST /api/post HTTP/1.1" 500 98 "-" "PostmanRuntime/7.39.1"
::1 - - [01/Jul/2025:08:49:20 +0000] "POST /api/post HTTP/1.1" 500 98 "-" "PostmanRuntime/7.39.1"
::1 - - [01/Jul/2025:08:54:26 +0000] "POST /api/post HTTP/1.1" 500 98 "-" "PostmanRuntime/7.39.1"
::1 - - [01/Jul/2025:09:06:41 +0000] "POST /api/post HTTP/1.1" 500 98 "-" "PostmanRuntime/7.39.1"
::1 - - [01/Jul/2025:09:06:55 +0000] "POST /api/post HTTP/1.1" 500 98 "-" "PostmanRuntime/7.39.1"
::1 - - [01/Jul/2025:09:06:56 +0000] "POST /api/post HTTP/1.1" 500 98 "-" "PostmanRuntime/7.39.1"
::1 - - [01/Jul/2025:09:06:57 +0000] "POST /api/post HTTP/1.1" 500 98 "-" "PostmanRuntime/7.39.1"
::1 - - [01/Jul/2025:09:06:58 +0000] "POST /api/post HTTP/1.1" 500 98 "-" "PostmanRuntime/7.39.1"
::1 - - [01/Jul/2025:09:08:59 +0000] "POST /api/post HTTP/1.1" 500 98 "-" "PostmanRuntime/7.39.1"
::1 - - [01/Jul/2025:09:10:50 +0000] "POST /api/post HTTP/1.1" 500 98 "-" "PostmanRuntime/7.39.1"
::1 - - [01/Jul/2025:09:11:51 +0000] "POST /api/post HTTP/1.1" 500 98 "-" "PostmanRuntime/7.39.1"
::1 - - [01/Jul/2025:09:17:18 +0000] "POST /api/post HTTP/1.1" 500 98 "-" "PostmanRuntime/7.39.1"
::1 - - [01/Jul/2025:09:17:20 +0000] "POST /api/post HTTP/1.1" 500 98 "-" "PostmanRuntime/7.39.1"
::1 - - [01/Jul/2025:09:17:21 +0000] "POST /api/post HTTP/1.1" 500 98 "-" "PostmanRuntime/7.39.1"
::1 - - [01/Jul/2025:09:17:22 +0000] "POST /api/post HTTP/1.1" 500 98 "-" "PostmanRuntime/7.39.1"
::1 - - [01/Jul/2025:09:18:31 +0000] "POST /api/post/ HTTP/1.1" 500 98 "-" "PostmanRuntime/7.39.1"
::1 - - [01/Jul/2025:09:28:37 +0000] "POST /api/post HTTP/1.1" 500 98 "-" "PostmanRuntime/7.39.1"
::1 - - [01/Jul/2025:09:31:19 +0000] "POST /api/post HTTP/1.1" 500 73 "-" "PostmanRuntime/7.39.1"
::1 - - [01/Jul/2025:09:34:00 +0000] "POST /api/post HTTP/1.1" 500 98 "-" "PostmanRuntime/7.39.1"
::1 - - [01/Jul/2025:09:34:49 +0000] "POST /api/post HTTP/1.1" 500 73 "-" "PostmanRuntime/7.39.1"
::1 - - [01/Jul/2025:09:34:55 +0000] "POST /api/post HTTP/1.1" 500 73 "-" "PostmanRuntime/7.39.1"
::1 - - [01/Jul/2025:09:35:05 +0000] "POST /api/post HTTP/1.1" 500 73 "-" "PostmanRuntime/7.39.1"
::1 - - [01/Jul/2025:09:35:07 +0000] "POST /api/post HTTP/1.1" 500 73 "-" "PostmanRuntime/7.39.1"
::1 - - [01/Jul/2025:09:35:36 +0000] "POST /api/post HTTP/1.1" 500 73 "-" "PostmanRuntime/7.39.1"
::1 - - [01/Jul/2025:09:35:37 +0000] "POST /api/post HTTP/1.1" 500 73 "-" "PostmanRuntime/7.39.1"
::1 - - [01/Jul/2025:09:35:58 +0000] "POST /api/post HTTP/1.1" 500 73 "-" "PostmanRuntime/7.39.1"
::1 - - [01/Jul/2025:09:37:40 +0000] "POST /api/post HTTP/1.1" 500 98 "-" "PostmanRuntime/7.39.1"
::1 - - [01/Jul/2025:09:37:42 +0000] "POST /api/post HTTP/1.1" 500 98 "-" "PostmanRuntime/7.39.1"
::1 - - [01/Jul/2025:09:37:42 +0000] "POST /api/post HTTP/1.1" 500 98 "-" "PostmanRuntime/7.39.1"
::1 - - [01/Jul/2025:09:37:43 +0000] "POST /api/post HTTP/1.1" 500 98 "-" "PostmanRuntime/7.39.1"
::1 - - [01/Jul/2025:09:38:17 +0000] "POST /api/post HTTP/1.1" 201 464 "-" "PostmanRuntime/7.39.1"
::1 - - [01/Jul/2025:09:41:10 +0000] "POST /api/post HTTP/1.1" 201 471 "-" "PostmanRuntime/7.39.1"
::1 - - [01/Jul/2025:09:44:02 +0000] "POST /api/post HTTP/1.1" 201 508 "-" "PostmanRuntime/7.39.1"
::1 - - [01/Jul/2025:09:44:49 +0000] "POST /api/post HTTP/1.1" 201 447 "-" "PostmanRuntime/7.39.1"
::1 - - [01/Jul/2025:09:46:24 +0000] "PUT /api/post HTTP/1.1" 404 147 "-" "PostmanRuntime/7.39.1"
::1 - - [01/Jul/2025:09:46:39 +0000] "PUT /api/post/6863ae1124d02941765eb060 HTTP/1.1" 200 433 "-" "PostmanRuntime/7.39.1"
::1 - - [01/Jul/2025:09:47:14 +0000] "PUT /api/post/6863ade224d02941765eb05e HTTP/1.1" 200 434 "-" "PostmanRuntime/7.39.1"
::1 - - [01/Jul/2025:09:47:31 +0000] "PUT /api/post/6863ade224d02941765eb05e HTTP/1.1" 200 434 "-" "PostmanRuntime/7.39.1"
::1 - - [01/Jul/2025:09:48:18 +0000] "GET /api/post/6863ade224d02941765eb05e HTTP/1.1" 200 476 "-" "PostmanRuntime/7.39.1"
::1 - - [01/Jul/2025:09:48:36 +0000] "DELETE /api/post/6863ade224d02941765eb05e HTTP/1.1" 200 39 "-" "PostmanRuntime/7.39.1"
::1 - - [01/Jul/2025:09:50:05 +0000] "POST /api/user/register HTTP/1.1" 201 378 "-" "PostmanRuntime/7.39.1"
::1 - - [01/Jul/2025:09:52:44 +0000] "POST /api/post HTTP/1.1" 201 428 "-" "PostmanRuntime/7.39.1"
::1 - - [01/Jul/2025:09:53:43 +0000] "POST /api/post HTTP/1.1" 401 22 "-" "PostmanRuntime/7.39.1"
::1 - - [01/Jul/2025:09:54:34 +0000] "GET /api/post/6863ae1124d02941765eb060 HTTP/1.1" 200 475 "-" "PostmanRuntime/7.39.1"
::1 - - [01/Jul/2025:09:54:52 +0000] "DELETE /api/post/6863ae1124d02941765eb060 HTTP/1.1" 403 28 "-" "PostmanRuntime/7.39.1"
::1 - - [01/Jul/2025:09:54:58 +0000] "PUT /api/post/6863ae1124d02941765eb060 HTTP/1.1" 403 28 "-" "PostmanRuntime/7.39.1"
::1 - - [01/Jul/2025:09:54:59 +0000] "PUT /api/post/6863ae1124d02941765eb060 HTTP/1.1" 403 28 "-" "PostmanRuntime/7.39.1"
::1 - - [01/Jul/2025:09:55:08 +0000] "GET /api/post/ HTTP/1.1" 200 1831 "-" "PostmanRuntime/7.39.1"
::1 - - [01/Jul/2025:09:55:53 +0000] "GET /api/post/ HTTP/1.1" 401 22 "-" "PostmanRuntime/7.39.1"
::1 - - [01/Jul/2025:09:55:58 +0000] "GET /api/post/ HTTP/1.1" 401 22 "-" "PostmanRuntime/7.39.1"
::1 - - [01/Jul/2025:09:56:00 +0000] "GET /api/post/ HTTP/1.1" 401 22 "-" "PostmanRuntime/7.39.1"
::1 - - [01/Jul/2025:09:56:01 +0000] "GET /api/post/ HTTP/1.1" 401 22 "-" "PostmanRuntime/7.39.1"
::1 - - [01/Jul/2025:09:57:31 +0000] "POST /api/user/register HTTP/1.1" 201 387 "-" "PostmanRuntime/7.39.1"
::1 - - [01/Jul/2025:09:58:27 +0000] "GET /api/post/ HTTP/1.1" 401 22 "-" "PostmanRuntime/7.39.1"
::1 - - [01/Jul/2025:09:58:40 +0000] "GET /api/post/ HTTP/1.1" 200 1831 "-" "PostmanRuntime/7.39.1"
::1 - - [01/Jul/2025:09:59:03 +0000] "GET /api/post/6863afec24d02941765eb070 HTTP/1.1" 200 471 "-" "PostmanRuntime/7.39.1"
::1 - - [01/Jul/2025:09:59:31 +0000] "GET /api/post/users HTTP/1.1" 500 136 "-" "PostmanRuntime/7.39.1"
::1 - - [01/Jul/2025:09:59:41 +0000] "GET /api/user/users HTTP/1.1" 500 2197 "-" "PostmanRuntime/7.39.1"
::1 - - [01/Jul/2025:10:01:11 +0000] "GET /api/user/users HTTP/1.1" 500 2197 "-" "PostmanRuntime/7.39.1"
::1 - - [01/Jul/2025:10:04:55 +0000] "GET /api/user/users HTTP/1.1" 200 567 "-" "PostmanRuntime/7.39.1"
::1 - - [01/Jul/2025:10:06:00 +0000] "GET /api/user/users HTTP/1.1" 200 863 "-" "PostmanRuntime/7.39.1"
::1 - - [01/Jul/2025:10:07:04 +0000] "DELETE /api/user/users/6863b10b24d02941765eb07b HTTP/1.1" 404 181 "-" "PostmanRuntime/7.39.1"
::1 - - [01/Jul/2025:10:07:53 +0000] "DELETE /api/user/users/6863b10b24d02941765eb07b HTTP/1.1" 404 181 "-" "PostmanRuntime/7.39.1"
::1 - - [01/Jul/2025:10:09:13 +0000] "DELETE /api/user/users/6863b10b24d02941765eb07b HTTP/1.1" 404 181 "-" "PostmanRuntime/7.39.1"
::1 - - [01/Jul/2025:10:09:15 +0000] "DELETE /api/user/users/6863b10b24d02941765eb07b HTTP/1.1" 404 181 "-" "PostmanRuntime/7.39.1"
::1 - - [01/Jul/2025:10:10:41 +0000] "DELETE /api/user/users/6863b10b24d02941765eb07b HTTP/1.1" 200 39 "-" "PostmanRuntime/7.39.1"
::1 - - [01/Jul/2025:10:12:14 +0000] "POST /api/user/register HTTP/1.1" 201 378 "-" "PostmanRuntime/7.39.1"
::1 - - [01/Jul/2025:10:13:28 +0000] "DELETE /api/user/users/6863b10b24d02941765eb07b HTTP/1.1" 200 39 "-" "PostmanRuntime/7.39.1"
::1 - - [01/Jul/2025:10:20:24 +0000] "POST /api/user/register HTTP/1.1" 201 378 "-" "PostmanRuntime/7.39.1"
::1 - - [01/Jul/2025:10:21:07 +0000] "DELETE /api/user/users/6863b10b24d02941765eb07b HTTP/1.1" 200 39 "-" "PostmanRuntime/7.39.1"
::1 - - [01/Jul/2025:10:22:01 +0000] "DELETE /api/post/6863ae1124d02941765eb060 HTTP/1.1" 200 39 "-" "PostmanRuntime/7.39.1"
::1 - - [01/Jul/2025:10:23:03 +0000] "DELETE /api/user/users/6863b6682e90f2166951e76d HTTP/1.1" 403 23 "-" "PostmanRuntime/7.39.1"
::1 - - [01/Jul/2025:10:23:34 +0000] "PUT /api/user/users/6863b6682e90f2166951e76d HTTP/1.1" 404 178 "-" "PostmanRuntime/7.39.1"
::1 - - [01/Jul/2025:10:24:21 +0000] "PUT /api/user/users/6863b6682e90f2166951e76d HTTP/1.1" 404 178 "-" "PostmanRuntime/7.39.1"
::1 - - [01/Jul/2025:10:24:31 +0000] "PUT /api/post/6863b6682e90f2166951e76d HTTP/1.1" 404 28 "-" "PostmanRuntime/7.39.1"
::1 - - [01/Jul/2025:10:24:38 +0000] "GET /api/post HTTP/1.1" 200 1402 "-" "PostmanRuntime/7.39.1"
::1 - - [01/Jul/2025:10:24:46 +0000] "POST /api/post HTTP/1.1" 201 508 "-" "PostmanRuntime/7.39.1"
::1 - - [01/Jul/2025:10:25:35 +0000] "PUT /api/post HTTP/1.1" 404 147 "-" "PostmanRuntime/7.39.1"
::1 - - [01/Jul/2025:10:25:56 +0000] "PUT /api/post/6863b76e2e90f2166951e775 HTTP/1.1" 200 519 "-" "PostmanRuntime/7.39.1"
::1 - - [01/Jul/2025:10:26:33 +0000] "POST /api/user/register HTTP/1.1" 201 387 "-" "PostmanRuntime/7.39.1"
::1 - - [01/Jul/2025:10:27:25 +0000] "DELETE /api/user/me HTTP/1.1" 200 39 "-" "PostmanRuntime/7.39.1"
::1 - - [01/Jul/2025:10:27:36 +0000] "POST /api/user/register HTTP/1.1" 201 387 "-" "PostmanRuntime/7.39.1"
::1 - - [01/Jul/2025:10:27:47 +0000] "DELETE /api/user/me HTTP/1.1" 404 28 "-" "PostmanRuntime/7.39.1"
::1 - - [01/Jul/2025:10:28:46 +0000] "DELETE /api/user/me/6863b8182e90f2166951e780 HTTP/1.1" 404 178 "-" "PostmanRuntime/7.39.1"
::1 - - [01/Jul/2025:10:28:51 +0000] "DELETE /api/user/me HTTP/1.1" 200 39 "-" "PostmanRuntime/7.39.1"
::1 - - [01/Jul/2025:10:29:37 +0000] "POST /api/user/login HTTP/1.1" 200 366 "-" "PostmanRuntime/7.39.1"
::1 - - [01/Jul/2025:10:29:58 +0000] "DELETE /api/user/me HTTP/1.1" 404 28 "-" "PostmanRuntime/7.39.1"
::1 - - [01/Jul/2025:10:30:19 +0000] "GET /api/user/me HTTP/1.1" 404 28 "-" "PostmanRuntime/7.39.1"
::1 - - [01/Jul/2025:10:30:20 +0000] "GET /api/user/me HTTP/1.1" 404 28 "-" "PostmanRuntime/7.39.1"
::1 - - [01/Jul/2025:10:30:22 +0000] "GET /api/user/me HTTP/1.1" 404 28 "-" "PostmanRuntime/7.39.1"
::1 - - [01/Jul/2025:10:30:23 +0000] "GET /api/user/me HTTP/1.1" 404 28 "-" "PostmanRuntime/7.39.1"
::1 - - [01/Jul/2025:10:31:26 +0000] "GET /api/user/me HTTP/1.1" 404 28 "-" "PostmanRuntime/7.39.1"
::1 - - [01/Jul/2025:10:31:31 +0000] "GET /api/user/me HTTP/1.1" 404 28 "-" "PostmanRuntime/7.39.1"
::1 - - [01/Jul/2025:10:32:29 +0000] "GET /api/user/me/6863b8182e90f2166951e780 HTTP/1.1" 404 28 "-" "PostmanRuntime/7.39.1"
::1 - - [01/Jul/2025:10:32:30 +0000] "GET /api/user/me/6863b8182e90f2166951e780 HTTP/1.1" 404 28 "-" "PostmanRuntime/7.39.1"
::1 - - [01/Jul/2025:10:32:59 +0000] "POST /api/user/login HTTP/1.1" 200 366 "-" "PostmanRuntime/7.39.1"
::1 - - [01/Jul/2025:10:33:21 +0000] "GET /api/user/me/6863b8182e90f2166951e780 HTTP/1.1" 200 146 "-" "PostmanRuntime/7.39.1"
::1 - - [01/Jul/2025:10:33:39 +0000] "GET /api/user/me HTTP/1.1" 200 146 "-" "PostmanRuntime/7.39.1"
::1 - - [01/Jul/2025:10:33:41 +0000] "GET /api/user/me HTTP/1.1" 200 146 "-" "PostmanRuntime/7.39.1"
::1 - - [01/Jul/2025:10:34:02 +0000] "GET /api/user/me HTTP/1.1" 200 146 "-" "PostmanRuntime/7.39.1"
::1 - - [01/Jul/2025:10:36:31 +0000] "PUT /api/user/me HTTP/1.1" 200 187 "-" "PostmanRuntime/7.39.1"
::1 - - [01/Jul/2025:10:36:40 +0000] "PUT /api/user/me HTTP/1.1" 200 193 "-" "PostmanRuntime/7.39.1"
::1 - - [01/Jul/2025:10:39:16 +0000] "PUT /api/category/686399cb4390a3a292cf88f2 HTTP/1.1" 200 210 "-" "PostmanRuntime/7.39.1"
::1 - - [01/Jul/2025:10:42:19 +0000] "PUT /api/category/686399cb4390a3a292cf88f2 HTTP/1.1" 200 210 "-" "PostmanRuntime/7.39.1"
::1 - - [01/Jul/2025:10:42:29 +0000] "PUT /api/category/686399cb4390a3a292cf88f2 HTTP/1.1" 200 210 "-" "PostmanRuntime/7.39.1"
::1 - - [01/Jul/2025:10:42:48 +0000] "PUT /api/category/686399cb4390a3a292cf88f2 HTTP/1.1" 200 234 "-" "PostmanRuntime/7.39.1"
::1 - - [01/Jul/2025:10:46:07 +0000] "DELETE /api/category/686399cb4390a3a292cf88f2 HTTP/1.1" 200 30 "-" "PostmanRuntime/7.39.1"
::1 - - [01/Jul/2025:10:47:21 +0000] "POST /api/category/686399cb4390a3a292cf88f2 HTTP/1.1" 404 177 "-" "PostmanRuntime/7.39.1"
::1 - - [01/Jul/2025:10:48:17 +0000] "POST /api/category HTTP/1.1" 201 234 "-" "PostmanRuntime/7.39.1"
